2022-05-21 11:34:51,959 - fuser - INFO - Initiating RAs Salesforce Library Loader
2022-05-21 11:34:51,960 - fuser.parser.JsonParser - INFO - Initiating the JSON Parser Object
2022-05-21 11:34:51,960 - fuser.parser.JsonParser - DEBUG - JSON file located in /Users/tswar/PycharmProjects/ra-repo-parser/data/RemoteActions/
2022-05-21 11:34:52,145 - fuser.parser.JsonParser - INFO - Categories successfully loaded from /Users/tswar/PycharmProjects/ra-repo-parser/categories_last.xlsx
2022-05-21 11:34:52,327 - fuser.salesforce.Salesforce - DEBUG - Initiating Salesforce API object
2022-05-21 11:34:52,702 - fuser.salesforce.Salesforce - DEBUG - Bearer token retrieved.
2022-05-21 11:34:52,703 - fuser.salesforce.Salesforce - DEBUG - Header updated with Bearer token and Content-Type
2022-05-21 11:35:31,727 - fuser.salesforce.Salesforce - ERROR - Invalid URL 'DELETE': No scheme supplied. Perhaps you meant http://DELETE?
Traceback (most recent call last):
  File "/Users/tswar/PycharmProjects/ra-repo-parser/classes/salesforce.py", line 113, in _run_http_request
    response = requests.request(url, request_type, headers=self._header, data=payload)
  File "/Users/tswar/PycharmProjects/ra-repo-parser/venv/lib/python3.9/site-packages/requests/api.py", line 61, in request
    return session.request(method=method, url=url, **kwargs)
  File "/Users/tswar/PycharmProjects/ra-repo-parser/venv/lib/python3.9/site-packages/requests/sessions.py", line 515, in request
    prep = self.prepare_request(req)
  File "/Users/tswar/PycharmProjects/ra-repo-parser/venv/lib/python3.9/site-packages/requests/sessions.py", line 443, in prepare_request
    p.prepare(
  File "/Users/tswar/PycharmProjects/ra-repo-parser/venv/lib/python3.9/site-packages/requests/models.py", line 318, in prepare
    self.prepare_url(url, params)
  File "/Users/tswar/PycharmProjects/ra-repo-parser/venv/lib/python3.9/site-packages/requests/models.py", line 392, in prepare_url
    raise MissingSchema(error)
requests.exceptions.MissingSchema: Invalid URL 'DELETE': No scheme supplied. Perhaps you meant http://DELETE?
